<?xml version="1.0" encoding="UTF-8"?>
<!-- Generated by org.testng.reporters.JUnitReportReporter -->
<testsuite skipped="1" hostname="Elions-MacBook-Pro.local" name="com.reviewTestNG.EmployeeDetails" tests="4" failures="0" timestamp="16 Jan 2020 14:45:19 GMT" time="25.381" errors="0">
  <testcase name="savePersonalDetailsWithData" time="7.771" classname="com.reviewTestNG.EmployeeDetails"/>
  <testcase name="savePersonalDetailsWithData" time="9.034" classname="com.reviewTestNG.EmployeeDetails"/>
  <testcase name="savePersonalDetailsWithData" time="8.576" classname="com.reviewTestNG.EmployeeDetails"/>
  <testcase name="savePersonalDetails" classname="com.reviewTestNG.EmployeeDetails">
    <skipped/>
  </testcase> <!-- savePersonalDetails -->
</testsuite> <!-- com.reviewTestNG.EmployeeDetails -->
